<?xml version="1.0" encoding="UTF-8"?>
<coverage generated="1421536388">
  <project timestamp="1421536388">
    <package name="League\Flysystem\Cached">
      <file name="/Users/FrenkyNet/Sites/adapters/cached/src/CachedAdapter.php">
        <class name="CachedAdapter" namespace="League\Flysystem\Cached">
          <metrics methods="21" coveredmethods="21" conditionals="0" coveredconditionals="0" statements="91" coveredstatements="91" elements="112" coveredelements="112"/>
        </class>
        <line num="27" type="method" name="__construct" crap="1" count="47"/>
        <line num="29" type="stmt" count="47"/>
        <line num="30" type="stmt" count="47"/>
        <line num="31" type="stmt" count="47"/>
        <line num="32" type="stmt" count="47"/>
        <line num="37" type="method" name="write" crap="2" count="2"/>
        <line num="39" type="stmt" count="2"/>
        <line num="41" type="stmt" count="2"/>
        <line num="42" type="stmt" count="1"/>
        <line num="43" type="stmt" count="1"/>
        <line num="45" type="stmt" count="2"/>
        <line num="51" type="method" name="writeStream" crap="2" count="2"/>
        <line num="53" type="stmt" count="2"/>
        <line num="55" type="stmt" count="2"/>
        <line num="56" type="stmt" count="1"/>
        <line num="57" type="stmt" count="1"/>
        <line num="58" type="stmt" count="1"/>
        <line num="60" type="stmt" count="2"/>
        <line num="66" type="method" name="update" crap="2" count="2"/>
        <line num="68" type="stmt" count="2"/>
        <line num="70" type="stmt" count="2"/>
        <line num="71" type="stmt" count="1"/>
        <line num="72" type="stmt" count="1"/>
        <line num="74" type="stmt" count="2"/>
        <line num="80" type="method" name="updateStream" crap="2" count="2"/>
        <line num="82" type="stmt" count="2"/>
        <line num="84" type="stmt" count="2"/>
        <line num="85" type="stmt" count="1"/>
        <line num="86" type="stmt" count="1"/>
        <line num="87" type="stmt" count="1"/>
        <line num="89" type="stmt" count="2"/>
        <line num="95" type="method" name="rename" crap="2" count="2"/>
        <line num="97" type="stmt" count="2"/>
        <line num="99" type="stmt" count="2"/>
        <line num="100" type="stmt" count="1"/>
        <line num="101" type="stmt" count="1"/>
        <line num="103" type="stmt" count="2"/>
        <line num="109" type="method" name="copy" crap="2" count="2"/>
        <line num="111" type="stmt" count="2"/>
        <line num="113" type="stmt" count="2"/>
        <line num="114" type="stmt" count="1"/>
        <line num="115" type="stmt" count="1"/>
        <line num="117" type="stmt" count="2"/>
        <line num="123" type="method" name="delete" crap="2" count="2"/>
        <line num="125" type="stmt" count="2"/>
        <line num="127" type="stmt" count="2"/>
        <line num="128" type="stmt" count="1"/>
        <line num="129" type="stmt" count="1"/>
        <line num="131" type="stmt" count="2"/>
        <line num="137" type="method" name="deleteDir" crap="2" count="2"/>
        <line num="139" type="stmt" count="2"/>
        <line num="141" type="stmt" count="2"/>
        <line num="142" type="stmt" count="1"/>
        <line num="143" type="stmt" count="1"/>
        <line num="145" type="stmt" count="2"/>
        <line num="151" type="method" name="createDir" crap="2" count="2"/>
        <line num="153" type="stmt" count="2"/>
        <line num="155" type="stmt" count="2"/>
        <line num="156" type="stmt" count="1"/>
        <line num="157" type="stmt" count="1"/>
        <line num="158" type="stmt" count="1"/>
        <line num="159" type="stmt" count="1"/>
        <line num="161" type="stmt" count="2"/>
        <line num="167" type="method" name="setVisibility" crap="2" count="2"/>
        <line num="169" type="stmt" count="2"/>
        <line num="171" type="stmt" count="2"/>
        <line num="172" type="stmt" count="1"/>
        <line num="173" type="stmt" count="1"/>
        <line num="175" type="stmt" count="2"/>
        <line num="181" type="method" name="has" crap="4" count="4"/>
        <line num="183" type="stmt" count="4"/>
        <line num="185" type="stmt" count="4"/>
        <line num="186" type="stmt" count="2"/>
        <line num="189" type="stmt" count="2"/>
        <line num="191" type="stmt" count="2"/>
        <line num="192" type="stmt" count="1"/>
        <line num="193" type="stmt" count="1"/>
        <line num="194" type="stmt" count="1"/>
        <line num="195" type="stmt" count="1"/>
        <line num="198" type="stmt" count="2"/>
        <line num="204" type="method" name="read" crap="1" count="3"/>
        <line num="206" type="stmt" count="3"/>
        <line num="212" type="method" name="readStream" crap="1" count="1"/>
        <line num="214" type="stmt" count="1"/>
        <line num="220" type="method" name="listContents" crap="3" count="3"/>
        <line num="222" type="stmt" count="3"/>
        <line num="223" type="stmt" count="1"/>
        <line num="226" type="stmt" count="2"/>
        <line num="228" type="stmt" count="2"/>
        <line num="229" type="stmt" count="1"/>
        <line num="230" type="stmt" count="1"/>
        <line num="232" type="stmt" count="2"/>
        <line num="238" type="method" name="getMetadata" crap="1" count="3"/>
        <line num="240" type="stmt" count="3"/>
        <line num="246" type="method" name="getSize" crap="1" count="3"/>
        <line num="248" type="stmt" count="3"/>
        <line num="254" type="method" name="getMimetype" crap="1" count="3"/>
        <line num="256" type="stmt" count="3"/>
        <line num="262" type="method" name="getTimestamp" crap="1" count="3"/>
        <line num="264" type="stmt" count="3"/>
        <line num="270" type="method" name="getVisibility" crap="1" count="3"/>
        <line num="272" type="stmt" count="3"/>
        <line num="282" type="method" name="callWithFallback" crap="3" count="18"/>
        <line num="284" type="stmt" count="18"/>
        <line num="286" type="stmt" count="18"/>
        <line num="287" type="stmt" count="6"/>
        <line num="290" type="stmt" count="12"/>
        <line num="292" type="stmt" count="12"/>
        <line num="293" type="stmt" count="6"/>
        <line num="294" type="stmt" count="6"/>
        <line num="295" type="stmt" count="6"/>
        <line num="297" type="stmt" count="12"/>
        <metrics loc="299" ncloc="223" classes="1" methods="21" coveredmethods="21" conditionals="0" coveredconditionals="0" statements="91" coveredstatements="91" elements="112" coveredelements="112"/>
      </file>
    </package>
    <metrics files="1" loc="299" ncloc="223" classes="1" methods="21" coveredmethods="21" conditionals="0" coveredconditionals="0" statements="91" coveredstatements="91" elements="112" coveredelements="112"/>
  </project>
</coverage>
